当前版本安全性说明

已实现的安全措施:
1、后端密码加密存储，使用PBKDF2-SHA512算法进行加密
2、登录防护机制，登录失败次数限制（5次失败后锁定一段时间）、速率限制中间件（100次/分钟/IP）
3、前后端登录密码加密传输，避免明文传输造成密码泄露
4、限制token生命周期，降低被盗用风险

仍然存在的主要风险项:
1、无HTTPS（公网部署强烈建议使用HTTPS），可能触发中间人攻击（高危）
2、Token通过ws未加密传输，且同一Token可用于多个socket连接使用（高危）
3、账号数据未加密存储（code、gid等），可能被窃取（中等风险）


安全性优化日志：
2026-03-17 更新v0.2
1、前端加入Token过期机制，默认30分钟过期，过期后需要重新登录
2、后端加入过期Token清理机制，定期自动清理过期token
3、加入Token自动刷新机制，临近过期前会自动异步刷新token以保持登录状态


2026-03-13 更新v0.1
1、修改原本默认管理密码固定为admin，需进入后台人工手动修改的模式，现在在项目首次构建启动后，必须先设置一个管理密码后才能开始使用。
2、对前后端密码传输进行了加密传输以确保安全，
3、后端修复了因adminPasswordHash为空，导致回退到明文密码比较，进而可能导致被黑的安全BUG。
4、后端加入了双重验证，进一步提升安全保障
5、修复在设置页面修改管理密码时，因某些原因（如原密码错误）导致修改失败时前端页面不会显示具体原因的BUG

















